<?xml version="1.0" encoding="UTF-8"?>
<testsuite name="idusw.springboot.board.MemberServiceTests" tests="1" skipped="0" failures="0" errors="0" timestamp="2025-06-17T08:42:07" hostname="DESKTOP-U5OU97J" time="0.905">
  <properties/>
  <testcase name="testInitialize()" classname="idusw.springboot.board.MemberServiceTests" time="0.905"/>
  <system-out><![CDATA[17:42:01.953 [Test worker] DEBUG org.springframework.boot.test.context.SpringBootTestContextBootstrapper -- Neither @ContextConfiguration nor @ContextHierarchy found for test class [MemberServiceTests]: using SpringBootContextLoader
17:42:01.957 [Test worker] DEBUG org.springframework.test.context.support.AbstractContextLoader -- Could not detect default resource locations for test class [idusw.springboot.board.MemberServiceTests]: no resource found for suffixes {-context.xml, Context.groovy}.
17:42:01.958 [Test worker] INFO org.springframework.test.context.support.AnnotationConfigContextLoaderUtils -- Could not detect default configuration classes for test class [idusw.springboot.board.MemberServiceTests]: MemberServiceTests does not declare any static, non-private, non-final, nested classes annotated with @Configuration.
17:42:01.990 [Test worker] DEBUG org.springframework.boot.test.context.SpringBootTestContextBootstrapper -- Using ContextCustomizers for test class [MemberServiceTests]: [DisableObservabilityContextCustomizer, PropertyMappingContextCustomizer, Customizer, ExcludeFilterContextCustomizer, DuplicateJsonObjectContextCustomizer, MockitoContextCustomizer, TestRestTemplateContextCustomizer]
17:42:02.079 [Test worker] DEBUG org.springframework.context.annotation.ClassPathScanningCandidateComponentProvider -- Identified candidate component class: file [C:\JavaFramework_Gimal\board\build\classes\java\main\idusw\springboot\board\BoardApplication.class]
17:42:02.080 [Test worker] INFO org.springframework.boot.test.context.SpringBootTestContextBootstrapper -- Found @SpringBootConfiguration idusw.springboot.board.BoardApplication for test class idusw.springboot.board.MemberServiceTests
17:42:02.229 [Test worker] DEBUG org.springframework.boot.test.context.SpringBootTestContextBootstrapper -- Using TestExecutionListeners for test class [MemberServiceTests]: [ServletTestExecutionListener, DirtiesContextBeforeModesTestExecutionListener, ApplicationEventsTestExecutionListener, MockitoTestExecutionListener, DependencyInjectionTestExecutionListener, DirtiesContextTestExecutionListener, TransactionalTestExecutionListener, SqlScriptsTestExecutionListener, EventPublishingTestExecutionListener, RestDocsTestExecutionListener, MockRestServiceServerResetTestExecutionListener, MockMvcPrintOnlyOnFailureTestExecutionListener, WebDriverTestExecutionListener, MockWebServiceServerTestExecutionListener, ResetMocksTestExecutionListener]
17:42:02.230 [Test worker] DEBUG org.springframework.test.context.support.AbstractDirtiesContextTestExecutionListener -- Before test class: class [MemberServiceTests], class annotated with @DirtiesContext [false] with mode [null]

  .   ____          _            __ _ _
 /\\ / ___'_ __ _ _(_)_ __  __ _ \ \ \ \
( ( )\___ | '_ | '_| | '_ \/ _` | \ \ \ \
 \\/  ___)| |_)| | | | | || (_| |  ) ) ) )
  '  |____| .__|_| |_|_| |_\__, | / / / /
 =========|_|==============|___/=/_/_/_/
 :: Spring Boot ::                (v3.0.6)

2025-06-17T17:42:02.590+09:00  INFO 22908 --- [    Test worker] i.springboot.board.MemberServiceTests    : Starting MemberServiceTests using Java 17.0.12 with PID 22908 (started by H in C:\JavaFramework_Gimal\board)
2025-06-17T17:42:02.591+09:00  INFO 22908 --- [    Test worker] i.springboot.board.MemberServiceTests    : No active profile set, falling back to 1 default profile: "default"
2025-06-17T17:42:03.326+09:00  INFO 22908 --- [    Test worker] .s.d.r.c.RepositoryConfigurationDelegate : Bootstrapping Spring Data JPA repositories in DEFAULT mode.
2025-06-17T17:42:03.417+09:00  INFO 22908 --- [    Test worker] .s.d.r.c.RepositoryConfigurationDelegate : Finished Spring Data repository scanning in 79 ms. Found 3 JPA repository interfaces.
2025-06-17T17:42:04.015+09:00  INFO 22908 --- [    Test worker] o.hibernate.jpa.internal.util.LogHelper  : HHH000204: Processing PersistenceUnitInfo [name: default]
2025-06-17T17:42:04.085+09:00  INFO 22908 --- [    Test worker] org.hibernate.Version                    : HHH000412: Hibernate ORM core version 6.1.7.Final
2025-06-17T17:42:04.416+09:00  INFO 22908 --- [    Test worker] com.zaxxer.hikari.HikariDataSource       : HikariPool-1 - Starting...
2025-06-17T17:42:04.778+09:00  INFO 22908 --- [    Test worker] com.zaxxer.hikari.pool.HikariPool        : HikariPool-1 - Added connection com.mysql.cj.jdbc.ConnectionImpl@134d7ffa
2025-06-17T17:42:04.780+09:00  INFO 22908 --- [    Test worker] com.zaxxer.hikari.HikariDataSource       : HikariPool-1 - Start completed.
2025-06-17T17:42:04.830+09:00  INFO 22908 --- [    Test worker] SQL dialect                              : HHH000400: Using dialect: org.hibernate.dialect.MySQLDialect
2025-06-17T17:42:05.875+09:00  INFO 22908 --- [    Test worker] o.h.e.t.j.p.i.JtaPlatformInitiator       : HHH000490: Using JtaPlatform implementation: [org.hibernate.engine.transaction.jta.platform.internal.NoJtaPlatform]
2025-06-17T17:42:05.886+09:00  INFO 22908 --- [    Test worker] j.LocalContainerEntityManagerFactoryBean : Initialized JPA EntityManagerFactory for persistence unit 'default'
2025-06-17T17:42:07.065+09:00  WARN 22908 --- [    Test worker] JpaBaseConfiguration$JpaWebConfiguration : spring.jpa.open-in-view is enabled by default. Therefore, database queries may be performed during view rendering. Explicitly configure spring.jpa.open-in-view to disable this warning
2025-06-17T17:42:07.290+09:00  INFO 22908 --- [    Test worker] o.s.b.a.w.s.WelcomePageHandlerMapping    : Adding welcome page: class path resource [static/index.html]
2025-06-17T17:42:07.497+09:00  INFO 22908 --- [    Test worker] i.springboot.board.MemberServiceTests    : Started MemberServiceTests in 5.218 seconds (process running for 6.402)
Hibernate: 
    insert 
    into
        m_202112030
        (address, email, id, maccess, mlevel, moddate, name, phone, pw, regdate) 
    values
        (?, ?, ?, ?, ?, ?, ?, ?, ?, ?)
Hibernate: 
    insert 
    into
        m_202112030
        (address, email, id, maccess, mlevel, moddate, name, phone, pw, regdate) 
    values
        (?, ?, ?, ?, ?, ?, ?, ?, ?, ?)
Hibernate: 
    insert 
    into
        m_202112030
        (address, email, id, maccess, mlevel, moddate, name, phone, pw, regdate) 
    values
        (?, ?, ?, ?, ?, ?, ?, ?, ?, ?)
Hibernate: 
    insert 
    into
        m_202112030
        (address, email, id, maccess, mlevel, moddate, name, phone, pw, regdate) 
    values
        (?, ?, ?, ?, ?, ?, ?, ?, ?, ?)
Hibernate: 
    insert 
    into
        m_202112030
        (address, email, id, maccess, mlevel, moddate, name, phone, pw, regdate) 
    values
        (?, ?, ?, ?, ?, ?, ?, ?, ?, ?)
Hibernate: 
    insert 
    into
        m_202112030
        (address, email, id, maccess, mlevel, moddate, name, phone, pw, regdate) 
    values
        (?, ?, ?, ?, ?, ?, ?, ?, ?, ?)
Hibernate: 
    insert 
    into
        m_202112030
        (address, email, id, maccess, mlevel, moddate, name, phone, pw, regdate) 
    values
        (?, ?, ?, ?, ?, ?, ?, ?, ?, ?)
Hibernate: 
    insert 
    into
        m_202112030
        (address, email, id, maccess, mlevel, moddate, name, phone, pw, regdate) 
    values
        (?, ?, ?, ?, ?, ?, ?, ?, ?, ?)
Hibernate: 
    insert 
    into
        m_202112030
        (address, email, id, maccess, mlevel, moddate, name, phone, pw, regdate) 
    values
        (?, ?, ?, ?, ?, ?, ?, ?, ?, ?)
Hibernate: 
    insert 
    into
        m_202112030
        (address, email, id, maccess, mlevel, moddate, name, phone, pw, regdate) 
    values
        (?, ?, ?, ?, ?, ?, ?, ?, ?, ?)
Hibernate: 
    insert 
    into
        m_202112030
        (address, email, id, maccess, mlevel, moddate, name, phone, pw, regdate) 
    values
        (?, ?, ?, ?, ?, ?, ?, ?, ?, ?)
Hibernate: 
    insert 
    into
        m_202112030
        (address, email, id, maccess, mlevel, moddate, name, phone, pw, regdate) 
    values
        (?, ?, ?, ?, ?, ?, ?, ?, ?, ?)
Hibernate: 
    insert 
    into
        m_202112030
        (address, email, id, maccess, mlevel, moddate, name, phone, pw, regdate) 
    values
        (?, ?, ?, ?, ?, ?, ?, ?, ?, ?)
Hibernate: 
    insert 
    into
        m_202112030
        (address, email, id, maccess, mlevel, moddate, name, phone, pw, regdate) 
    values
        (?, ?, ?, ?, ?, ?, ?, ?, ?, ?)
Hibernate: 
    insert 
    into
        m_202112030
        (address, email, id, maccess, mlevel, moddate, name, phone, pw, regdate) 
    values
        (?, ?, ?, ?, ?, ?, ?, ?, ?, ?)
Hibernate: 
    insert 
    into
        m_202112030
        (address, email, id, maccess, mlevel, moddate, name, phone, pw, regdate) 
    values
        (?, ?, ?, ?, ?, ?, ?, ?, ?, ?)
Hibernate: 
    insert 
    into
        m_202112030
        (address, email, id, maccess, mlevel, moddate, name, phone, pw, regdate) 
    values
        (?, ?, ?, ?, ?, ?, ?, ?, ?, ?)
Hibernate: 
    insert 
    into
        m_202112030
        (address, email, id, maccess, mlevel, moddate, name, phone, pw, regdate) 
    values
        (?, ?, ?, ?, ?, ?, ?, ?, ?, ?)
Hibernate: 
    insert 
    into
        m_202112030
        (address, email, id, maccess, mlevel, moddate, name, phone, pw, regdate) 
    values
        (?, ?, ?, ?, ?, ?, ?, ?, ?, ?)
Hibernate: 
    insert 
    into
        m_202112030
        (address, email, id, maccess, mlevel, moddate, name, phone, pw, regdate) 
    values
        (?, ?, ?, ?, ?, ?, ?, ?, ?, ?)
Hibernate: 
    insert 
    into
        m_202112030
        (address, email, id, maccess, mlevel, moddate, name, phone, pw, regdate) 
    values
        (?, ?, ?, ?, ?, ?, ?, ?, ?, ?)
Hibernate: 
    insert 
    into
        m_202112030
        (address, email, id, maccess, mlevel, moddate, name, phone, pw, regdate) 
    values
        (?, ?, ?, ?, ?, ?, ?, ?, ?, ?)
Hibernate: 
    insert 
    into
        m_202112030
        (address, email, id, maccess, mlevel, moddate, name, phone, pw, regdate) 
    values
        (?, ?, ?, ?, ?, ?, ?, ?, ?, ?)
Hibernate: 
    insert 
    into
        m_202112030
        (address, email, id, maccess, mlevel, moddate, name, phone, pw, regdate) 
    values
        (?, ?, ?, ?, ?, ?, ?, ?, ?, ?)
Hibernate: 
    insert 
    into
        m_202112030
        (address, email, id, maccess, mlevel, moddate, name, phone, pw, regdate) 
    values
        (?, ?, ?, ?, ?, ?, ?, ?, ?, ?)
Hibernate: 
    insert 
    into
        m_202112030
        (address, email, id, maccess, mlevel, moddate, name, phone, pw, regdate) 
    values
        (?, ?, ?, ?, ?, ?, ?, ?, ?, ?)
Hibernate: 
    insert 
    into
        m_202112030
        (address, email, id, maccess, mlevel, moddate, name, phone, pw, regdate) 
    values
        (?, ?, ?, ?, ?, ?, ?, ?, ?, ?)
Hibernate: 
    insert 
    into
        m_202112030
        (address, email, id, maccess, mlevel, moddate, name, phone, pw, regdate) 
    values
        (?, ?, ?, ?, ?, ?, ?, ?, ?, ?)
Hibernate: 
    insert 
    into
        m_202112030
        (address, email, id, maccess, mlevel, moddate, name, phone, pw, regdate) 
    values
        (?, ?, ?, ?, ?, ?, ?, ?, ?, ?)
Hibernate: 
    insert 
    into
        m_202112030
        (address, email, id, maccess, mlevel, moddate, name, phone, pw, regdate) 
    values
        (?, ?, ?, ?, ?, ?, ?, ?, ?, ?)
Hibernate: 
    insert 
    into
        m_202112030
        (address, email, id, maccess, mlevel, moddate, name, phone, pw, regdate) 
    values
        (?, ?, ?, ?, ?, ?, ?, ?, ?, ?)
Hibernate: 
    insert 
    into
        m_202112030
        (address, email, id, maccess, mlevel, moddate, name, phone, pw, regdate) 
    values
        (?, ?, ?, ?, ?, ?, ?, ?, ?, ?)
Hibernate: 
    insert 
    into
        m_202112030
        (address, email, id, maccess, mlevel, moddate, name, phone, pw, regdate) 
    values
        (?, ?, ?, ?, ?, ?, ?, ?, ?, ?)
Hibernate: 
    insert 
    into
        m_202112030
        (address, email, id, maccess, mlevel, moddate, name, phone, pw, regdate) 
    values
        (?, ?, ?, ?, ?, ?, ?, ?, ?, ?)
Hibernate: 
    insert 
    into
        m_202112030
        (address, email, id, maccess, mlevel, moddate, name, phone, pw, regdate) 
    values
        (?, ?, ?, ?, ?, ?, ?, ?, ?, ?)
Hibernate: 
    insert 
    into
        m_202112030
        (address, email, id, maccess, mlevel, moddate, name, phone, pw, regdate) 
    values
        (?, ?, ?, ?, ?, ?, ?, ?, ?, ?)
Hibernate: 
    insert 
    into
        m_202112030
        (address, email, id, maccess, mlevel, moddate, name, phone, pw, regdate) 
    values
        (?, ?, ?, ?, ?, ?, ?, ?, ?, ?)
Hibernate: 
    insert 
    into
        m_202112030
        (address, email, id, maccess, mlevel, moddate, name, phone, pw, regdate) 
    values
        (?, ?, ?, ?, ?, ?, ?, ?, ?, ?)
Hibernate: 
    insert 
    into
        m_202112030
        (address, email, id, maccess, mlevel, moddate, name, phone, pw, regdate) 
    values
        (?, ?, ?, ?, ?, ?, ?, ?, ?, ?)
Hibernate: 
    insert 
    into
        m_202112030
        (address, email, id, maccess, mlevel, moddate, name, phone, pw, regdate) 
    values
        (?, ?, ?, ?, ?, ?, ?, ?, ?, ?)
Hibernate: 
    insert 
    into
        m_202112030
        (address, email, id, maccess, mlevel, moddate, name, phone, pw, regdate) 
    values
        (?, ?, ?, ?, ?, ?, ?, ?, ?, ?)
Hibernate: 
    insert 
    into
        m_202112030
        (address, email, id, maccess, mlevel, moddate, name, phone, pw, regdate) 
    values
        (?, ?, ?, ?, ?, ?, ?, ?, ?, ?)
Hibernate: 
    insert 
    into
        m_202112030
        (address, email, id, maccess, mlevel, moddate, name, phone, pw, regdate) 
    values
        (?, ?, ?, ?, ?, ?, ?, ?, ?, ?)
Hibernate: 
    insert 
    into
        m_202112030
        (address, email, id, maccess, mlevel, moddate, name, phone, pw, regdate) 
    values
        (?, ?, ?, ?, ?, ?, ?, ?, ?, ?)
Hibernate: 
    insert 
    into
        m_202112030
        (address, email, id, maccess, mlevel, moddate, name, phone, pw, regdate) 
    values
        (?, ?, ?, ?, ?, ?, ?, ?, ?, ?)
Hibernate: 
    insert 
    into
        m_202112030
        (address, email, id, maccess, mlevel, moddate, name, phone, pw, regdate) 
    values
        (?, ?, ?, ?, ?, ?, ?, ?, ?, ?)
Hibernate: 
    insert 
    into
        m_202112030
        (address, email, id, maccess, mlevel, moddate, name, phone, pw, regdate) 
    values
        (?, ?, ?, ?, ?, ?, ?, ?, ?, ?)
Hibernate: 
    insert 
    into
        m_202112030
        (address, email, id, maccess, mlevel, moddate, name, phone, pw, regdate) 
    values
        (?, ?, ?, ?, ?, ?, ?, ?, ?, ?)
Hibernate: 
    insert 
    into
        m_202112030
        (address, email, id, maccess, mlevel, moddate, name, phone, pw, regdate) 
    values
        (?, ?, ?, ?, ?, ?, ?, ?, ?, ?)
Hibernate: 
    insert 
    into
        m_202112030
        (address, email, id, maccess, mlevel, moddate, name, phone, pw, regdate) 
    values
        (?, ?, ?, ?, ?, ?, ?, ?, ?, ?)
Hibernate: 
    insert 
    into
        b_202112030
        (block, content, moddate, regdate, title, views, writer_mno) 
    values
        (?, ?, ?, ?, ?, ?, ?)
Hibernate: 
    insert 
    into
        b_202112030
        (block, content, moddate, regdate, title, views, writer_mno) 
    values
        (?, ?, ?, ?, ?, ?, ?)
Hibernate: 
    insert 
    into
        b_202112030
        (block, content, moddate, regdate, title, views, writer_mno) 
    values
        (?, ?, ?, ?, ?, ?, ?)
Hibernate: 
    insert 
    into
        b_202112030
        (block, content, moddate, regdate, title, views, writer_mno) 
    values
        (?, ?, ?, ?, ?, ?, ?)
Hibernate: 
    insert 
    into
        b_202112030
        (block, content, moddate, regdate, title, views, writer_mno) 
    values
        (?, ?, ?, ?, ?, ?, ?)
Hibernate: 
    insert 
    into
        b_202112030
        (block, content, moddate, regdate, title, views, writer_mno) 
    values
        (?, ?, ?, ?, ?, ?, ?)
Hibernate: 
    insert 
    into
        b_202112030
        (block, content, moddate, regdate, title, views, writer_mno) 
    values
        (?, ?, ?, ?, ?, ?, ?)
Hibernate: 
    insert 
    into
        b_202112030
        (block, content, moddate, regdate, title, views, writer_mno) 
    values
        (?, ?, ?, ?, ?, ?, ?)
Hibernate: 
    insert 
    into
        b_202112030
        (block, content, moddate, regdate, title, views, writer_mno) 
    values
        (?, ?, ?, ?, ?, ?, ?)
Hibernate: 
    insert 
    into
        b_202112030
        (block, content, moddate, regdate, title, views, writer_mno) 
    values
        (?, ?, ?, ?, ?, ?, ?)
Hibernate: 
    insert 
    into
        b_202112030
        (block, content, moddate, regdate, title, views, writer_mno) 
    values
        (?, ?, ?, ?, ?, ?, ?)
Hibernate: 
    insert 
    into
        b_202112030
        (block, content, moddate, regdate, title, views, writer_mno) 
    values
        (?, ?, ?, ?, ?, ?, ?)
Hibernate: 
    insert 
    into
        b_202112030
        (block, content, moddate, regdate, title, views, writer_mno) 
    values
        (?, ?, ?, ?, ?, ?, ?)
Hibernate: 
    insert 
    into
        b_202112030
        (block, content, moddate, regdate, title, views, writer_mno) 
    values
        (?, ?, ?, ?, ?, ?, ?)
Hibernate: 
    insert 
    into
        b_202112030
        (block, content, moddate, regdate, title, views, writer_mno) 
    values
        (?, ?, ?, ?, ?, ?, ?)
Hibernate: 
    insert 
    into
        b_202112030
        (block, content, moddate, regdate, title, views, writer_mno) 
    values
        (?, ?, ?, ?, ?, ?, ?)
Hibernate: 
    insert 
    into
        b_202112030
        (block, content, moddate, regdate, title, views, writer_mno) 
    values
        (?, ?, ?, ?, ?, ?, ?)
Hibernate: 
    insert 
    into
        b_202112030
        (block, content, moddate, regdate, title, views, writer_mno) 
    values
        (?, ?, ?, ?, ?, ?, ?)
Hibernate: 
    insert 
    into
        b_202112030
        (block, content, moddate, regdate, title, views, writer_mno) 
    values
        (?, ?, ?, ?, ?, ?, ?)
Hibernate: 
    insert 
    into
        b_202112030
        (block, content, moddate, regdate, title, views, writer_mno) 
    values
        (?, ?, ?, ?, ?, ?, ?)
Hibernate: 
    insert 
    into
        b_202112030
        (block, content, moddate, regdate, title, views, writer_mno) 
    values
        (?, ?, ?, ?, ?, ?, ?)
Hibernate: 
    insert 
    into
        b_202112030
        (block, content, moddate, regdate, title, views, writer_mno) 
    values
        (?, ?, ?, ?, ?, ?, ?)
Hibernate: 
    insert 
    into
        b_202112030
        (block, content, moddate, regdate, title, views, writer_mno) 
    values
        (?, ?, ?, ?, ?, ?, ?)
Hibernate: 
    insert 
    into
        b_202112030
        (block, content, moddate, regdate, title, views, writer_mno) 
    values
        (?, ?, ?, ?, ?, ?, ?)
Hibernate: 
    insert 
    into
        b_202112030
        (block, content, moddate, regdate, title, views, writer_mno) 
    values
        (?, ?, ?, ?, ?, ?, ?)
Hibernate: 
    insert 
    into
        b_202112030
        (block, content, moddate, regdate, title, views, writer_mno) 
    values
        (?, ?, ?, ?, ?, ?, ?)
Hibernate: 
    insert 
    into
        b_202112030
        (block, content, moddate, regdate, title, views, writer_mno) 
    values
        (?, ?, ?, ?, ?, ?, ?)
Hibernate: 
    insert 
    into
        b_202112030
        (block, content, moddate, regdate, title, views, writer_mno) 
    values
        (?, ?, ?, ?, ?, ?, ?)
Hibernate: 
    insert 
    into
        b_202112030
        (block, content, moddate, regdate, title, views, writer_mno) 
    values
        (?, ?, ?, ?, ?, ?, ?)
Hibernate: 
    insert 
    into
        b_202112030
        (block, content, moddate, regdate, title, views, writer_mno) 
    values
        (?, ?, ?, ?, ?, ?, ?)
Hibernate: 
    insert 
    into
        b_202112030
        (block, content, moddate, regdate, title, views, writer_mno) 
    values
        (?, ?, ?, ?, ?, ?, ?)
Hibernate: 
    insert 
    into
        b_202112030
        (block, content, moddate, regdate, title, views, writer_mno) 
    values
        (?, ?, ?, ?, ?, ?, ?)
Hibernate: 
    insert 
    into
        b_202112030
        (block, content, moddate, regdate, title, views, writer_mno) 
    values
        (?, ?, ?, ?, ?, ?, ?)
Hibernate: 
    insert 
    into
        b_202112030
        (block, content, moddate, regdate, title, views, writer_mno) 
    values
        (?, ?, ?, ?, ?, ?, ?)
Hibernate: 
    insert 
    into
        b_202112030
        (block, content, moddate, regdate, title, views, writer_mno) 
    values
        (?, ?, ?, ?, ?, ?, ?)
Hibernate: 
    insert 
    into
        b_202112030
        (block, content, moddate, regdate, title, views, writer_mno) 
    values
        (?, ?, ?, ?, ?, ?, ?)
Hibernate: 
    insert 
    into
        b_202112030
        (block, content, moddate, regdate, title, views, writer_mno) 
    values
        (?, ?, ?, ?, ?, ?, ?)
Hibernate: 
    insert 
    into
        b_202112030
        (block, content, moddate, regdate, title, views, writer_mno) 
    values
        (?, ?, ?, ?, ?, ?, ?)
Hibernate: 
    insert 
    into
        b_202112030
        (block, content, moddate, regdate, title, views, writer_mno) 
    values
        (?, ?, ?, ?, ?, ?, ?)
Hibernate: 
    insert 
    into
        b_202112030
        (block, content, moddate, regdate, title, views, writer_mno) 
    values
        (?, ?, ?, ?, ?, ?, ?)
Hibernate: 
    insert 
    into
        b_202112030
        (block, content, moddate, regdate, title, views, writer_mno) 
    values
        (?, ?, ?, ?, ?, ?, ?)
Hibernate: 
    insert 
    into
        b_202112030
        (block, content, moddate, regdate, title, views, writer_mno) 
    values
        (?, ?, ?, ?, ?, ?, ?)
Hibernate: 
    insert 
    into
        b_202112030
        (block, content, moddate, regdate, title, views, writer_mno) 
    values
        (?, ?, ?, ?, ?, ?, ?)
Hibernate: 
    insert 
    into
        b_202112030
        (block, content, moddate, regdate, title, views, writer_mno) 
    values
        (?, ?, ?, ?, ?, ?, ?)
Hibernate: 
    insert 
    into
        b_202112030
        (block, content, moddate, regdate, title, views, writer_mno) 
    values
        (?, ?, ?, ?, ?, ?, ?)
Hibernate: 
    insert 
    into
        b_202112030
        (block, content, moddate, regdate, title, views, writer_mno) 
    values
        (?, ?, ?, ?, ?, ?, ?)
Hibernate: 
    insert 
    into
        b_202112030
        (block, content, moddate, regdate, title, views, writer_mno) 
    values
        (?, ?, ?, ?, ?, ?, ?)
]]></system-out>
  <system-err><![CDATA[]]></system-err>
</testsuite>
